2024-11-13 16:12:49 - INFO - Created output folder: shopify_exports/www_export_20241113_161249
2024-11-13 16:12:49 - INFO - Created images folder: shopify_exports/www_export_20241113_161249/images
2024-11-13 16:12:49 - INFO - Extracting products...
2024-11-13 16:12:49 - INFO - Extracting products from collection: airplants-1
2024-11-13 16:12:49 - INFO - Extracted 7 products from collection 'airplants-1'
2024-11-13 16:12:49 - INFO - Extracting products from collection: sklenene-doplnky
2024-11-13 16:12:49 - INFO - Extracted 7 products from collection 'sklenene-doplnky'
2024-11-13 16:12:50 - INFO - Extracting products from collection: bestsellers
2024-11-13 16:12:50 - INFO - Extracted 64 products from collection 'bestsellers'
2024-11-13 16:12:50 - INFO - Extracted 68 products from collection 'bestsellers'
2024-11-13 16:12:50 - INFO - Extracting products from collection: boj-proti-skudcum
2024-11-13 16:12:50 - INFO - Extracted 11 products from collection 'boj-proti-skudcum'
2024-11-13 16:12:50 - INFO - Extracting products from collection: celozelene-pokojove-rostliny
2024-11-13 16:12:50 - INFO - Extracted 61 products from collection 'celozelene-pokojove-rostliny'
2024-11-13 16:12:51 - INFO - Extracted 121 products from collection 'celozelene-pokojove-rostliny'
2024-11-13 16:12:51 - INFO - Extracted 123 products from collection 'celozelene-pokojove-rostliny'
2024-11-13 16:12:51 - INFO - Extracting products from collection: dalsi-zelene-radosti
2024-11-13 16:12:51 - INFO - Extracted 19 products from collection 'dalsi-zelene-radosti'
2024-11-13 16:12:51 - INFO - Extracting products from collection: doplnky
2024-11-13 16:12:51 - INFO - Extracted 17 products from collection 'doplnky'
2024-11-13 16:12:51 - INFO - Extracting products from collection: vouchery
2024-11-13 16:12:52 - INFO - Extracted 13 products from collection 'vouchery'
2024-11-13 16:12:52 - INFO - Extracting products from collection: darky-pro-zacatecniky
2024-11-13 16:12:52 - INFO - Extracted 61 products from collection 'darky-pro-zacatecniky'
2024-11-13 16:12:52 - INFO - Extracted 121 products from collection 'darky-pro-zacatecniky'
2024-11-13 16:12:52 - INFO - Extracted 159 products from collection 'darky-pro-zacatecniky'
2024-11-13 16:12:52 - INFO - Extracting products from collection: darky-pro-zkusenejsi-pestitele
2024-11-13 16:12:53 - INFO - Extracted 59 products from collection 'darky-pro-zkusenejsi-pestitele'
2024-11-13 16:12:53 - INFO - Extracting products from collection: frontpage
2024-11-13 16:12:53 - INFO - Extracted 14 products from collection 'frontpage'
2024-11-13 16:12:53 - INFO - Extracting products from collection: jaro
2024-11-13 16:12:53 - INFO - Extracted 75 products from collection 'jaro'
2024-11-13 16:12:53 - INFO - Extracting products from collection: kaktusy-a-sukulenty-1
2024-11-13 16:12:53 - INFO - Extracted 46 products from collection 'kaktusy-a-sukulenty-1'
2024-11-13 16:12:54 - INFO - Extracting products from collection: kdyz-chcete-darovat-neco-zelene
2024-11-13 16:12:54 - INFO - Extracted 19 products from collection 'kdyz-chcete-darovat-neco-zelene'
2024-11-13 16:12:54 - INFO - Extracting products from collection: knihy
2024-11-13 16:12:54 - INFO - Extracted 6 products from collection 'knihy'
2024-11-13 16:12:54 - INFO - Extracting products from collection: konvicky-haws
2024-11-13 16:12:54 - INFO - Extracted 5 products from collection 'konvicky-haws'
2024-11-13 16:12:54 - INFO - Extracting products from collection: kvetinace
2024-11-13 16:12:55 - INFO - Extracted 72 products from collection 'kvetinace'
2024-11-13 16:12:55 - INFO - Extracting products from collection: kytkotycky
2024-11-13 16:12:55 - INFO - Extracted 7 products from collection 'kytkotycky'
2024-11-13 16:12:55 - INFO - Extracting products from collection: male-pokojove-rostliny
2024-11-13 16:12:55 - INFO - Extracted 61 products from collection 'male-pokojove-rostliny'
2024-11-13 16:12:55 - INFO - Extracted 103 products from collection 'male-pokojove-rostliny'
2024-11-13 16:12:55 - INFO - Extracting products from collection: mini-pokojove-rostliny
2024-11-13 16:12:55 - INFO - Extracted 32 products from collection 'mini-pokojove-rostliny'
2024-11-13 16:12:55 - INFO - Extracting products from collection: na-posledni-chvili
2024-11-13 16:12:56 - INFO - Extracted 9 products from collection 'na-posledni-chvili'
2024-11-13 16:12:56 - INFO - Extracting products from collection: naucte-se-pestovat-pokojovky
2024-11-13 16:12:56 - INFO - Extracted 1 products from collection 'naucte-se-pestovat-pokojovky'
2024-11-13 16:12:56 - INFO - Extracting products from collection: pokojovky-leto
2024-11-13 16:12:56 - INFO - Extracted 60 products from collection 'pokojovky-leto'
2024-11-13 16:12:56 - INFO - Extracted 90 products from collection 'pokojovky-leto'
2024-11-13 16:12:56 - INFO - Extracting products from collection: novinky
2024-11-13 16:12:57 - INFO - Extracted 49 products from collection 'novinky'
2024-11-13 16:12:57 - INFO - Extracted 121 products from collection 'novinky'
2024-11-13 16:12:57 - INFO - Extracted 134 products from collection 'novinky'
2024-11-13 16:12:57 - INFO - Extracting products from collection: nas-vyber
2024-11-13 16:12:57 - INFO - Extracted 65 products from collection 'nas-vyber'
2024-11-13 16:12:58 - INFO - Extracting products from collection: oblibene
2024-11-13 16:12:58 - INFO - Extracted 60 products from collection 'oblibene'
2024-11-13 16:12:58 - INFO - Extracted 122 products from collection 'oblibene'
2024-11-13 16:12:58 - INFO - Extracted 183 products from collection 'oblibene'
2024-11-13 16:12:58 - INFO - Extracted 229 products from collection 'oblibene'
2024-11-13 16:12:58 - INFO - Extracting products from collection: odolne-pokojovky-proti-nizsim-teplotam
2024-11-13 16:12:59 - INFO - Extracted 24 products from collection 'odolne-pokojovky-proti-nizsim-teplotam'
2024-11-13 16:12:59 - INFO - Extracting products from collection: opory-a-stojany
2024-11-13 16:12:59 - INFO - Extracted 9 products from collection 'opory-a-stojany'
2024-11-13 16:12:59 - INFO - Extracting products from collection: ostatni-doplnky
2024-11-13 16:13:00 - INFO - Extracted 11 products from collection 'ostatni-doplnky'
2024-11-13 16:13:00 - INFO - Extracting products from collection: pokojove-rostliny-ktere-cisti-vzduch
2024-11-13 16:13:00 - INFO - Extracted 61 products from collection 'pokojove-rostliny-ktere-cisti-vzduch'
2024-11-13 16:13:00 - INFO - Extracted 121 products from collection 'pokojove-rostliny-ktere-cisti-vzduch'
2024-11-13 16:13:00 - INFO - Extracted 157 products from collection 'pokojove-rostliny-ktere-cisti-vzduch'
2024-11-13 16:13:01 - INFO - Extracting products from collection: pokojovky-podle-druhu
2024-11-13 16:13:01 - INFO - Extracting products from collection: pokojovky-podle-mistnosti
2024-11-13 16:13:01 - INFO - Extracting products from collection: pokojovky-podle-svetla
2024-11-13 16:13:01 - INFO - Extracting products from collection: pokojovky-podle-velikosti
2024-11-13 16:13:01 - INFO - Extracted 13 products from collection 'pokojovky-podle-velikosti'
2024-11-13 16:13:02 - INFO - Extracting products from collection: pokojovkove-novinky
2024-11-13 16:13:02 - INFO - Extracted 69 products from collection 'pokojovkove-novinky'
2024-11-13 16:13:02 - INFO - Extracted 119 products from collection 'pokojovkove-novinky'
2024-11-13 16:13:02 - INFO - Extracted 134 products from collection 'pokojovkove-novinky'
2024-11-13 16:13:02 - INFO - Extracting products from collection: sady
2024-11-13 16:13:03 - INFO - Extracted 20 products from collection 'sady'
2024-11-13 16:13:03 - INFO - Extracting products from collection: pokojovky
2024-11-13 16:13:03 - INFO - Extracted 72 products from collection 'pokojovky'
2024-11-13 16:13:03 - INFO - Extracted 130 products from collection 'pokojovky'
2024-11-13 16:13:03 - INFO - Extracted 186 products from collection 'pokojovky'
2024-11-13 16:13:03 - INFO - Extracted 225 products from collection 'pokojovky'
2024-11-13 16:13:03 - INFO - Extracting products from collection: pokojovky-den-matek
2024-11-13 16:13:04 - INFO - Extracted 39 products from collection 'pokojovky-den-matek'
2024-11-13 16:13:04 - INFO - Extracting products from collection: pokojovove-rostliny-do-kuchyne
2024-11-13 16:13:04 - INFO - Extracted 62 products from collection 'pokojovove-rostliny-do-kuchyne'
2024-11-13 16:13:04 - INFO - Extracted 122 products from collection 'pokojovove-rostliny-do-kuchyne'
2024-11-13 16:13:04 - INFO - Extracted 181 products from collection 'pokojovove-rostliny-do-kuchyne'
2024-11-13 16:13:04 - INFO - Extracted 212 products from collection 'pokojovove-rostliny-do-kuchyne'
2024-11-13 16:13:04 - INFO - Extracting products from collection: pokojove-rostliny-do-chodby
2024-11-13 16:13:04 - INFO - Extracted 55 products from collection 'pokojove-rostliny-do-chodby'
2024-11-13 16:13:05 - INFO - Extracting products from collection: pokojove-rostliny-do-kancelare
2024-11-13 16:13:05 - INFO - Extracted 62 products from collection 'pokojove-rostliny-do-kancelare'
2024-11-13 16:13:05 - INFO - Extracted 120 products from collection 'pokojove-rostliny-do-kancelare'
2024-11-13 16:13:05 - INFO - Extracted 180 products from collection 'pokojove-rostliny-do-kancelare'
2024-11-13 16:13:05 - INFO - Extracted 206 products from collection 'pokojove-rostliny-do-kancelare'
2024-11-13 16:13:05 - INFO - Extracting products from collection: pokojove-rostliny-do-koupelny
2024-11-13 16:13:05 - INFO - Extracted 61 products from collection 'pokojove-rostliny-do-koupelny'
2024-11-13 16:13:06 - INFO - Extracted 121 products from collection 'pokojove-rostliny-do-koupelny'
2024-11-13 16:13:06 - INFO - Extracted 158 products from collection 'pokojove-rostliny-do-koupelny'
2024-11-13 16:13:06 - INFO - Extracting products from collection: pokojove-rostliny-do-loznice
2024-11-13 16:13:06 - INFO - Extracted 64 products from collection 'pokojove-rostliny-do-loznice'
2024-11-13 16:13:06 - INFO - Extracted 104 products from collection 'pokojove-rostliny-do-loznice'
2024-11-13 16:13:06 - INFO - Extracting products from collection: pokojove-rostliny-do-obyvaku
2024-11-13 16:13:07 - INFO - Extracted 62 products from collection 'pokojove-rostliny-do-obyvaku'
2024-11-13 16:13:07 - INFO - Extracted 122 products from collection 'pokojove-rostliny-do-obyvaku'
2024-11-13 16:13:07 - INFO - Extracted 181 products from collection 'pokojove-rostliny-do-obyvaku'
2024-11-13 16:13:07 - INFO - Extracted 212 products from collection 'pokojove-rostliny-do-obyvaku'
2024-11-13 16:13:07 - INFO - Extracting products from collection: pokojove-rostliny-do-tmavsiho-koutu
2024-11-13 16:13:07 - INFO - Extracted 55 products from collection 'pokojove-rostliny-do-tmavsiho-koutu'
2024-11-13 16:13:07 - INFO - Extracting products from collection: pokojove-rostliny-na-prime-slunce
2024-11-13 16:13:08 - INFO - Extracted 60 products from collection 'pokojove-rostliny-na-prime-slunce'
2024-11-13 16:13:08 - INFO - Extracted 78 products from collection 'pokojove-rostliny-na-prime-slunce'
2024-11-13 16:13:08 - INFO - Extracting products from collection: pokojove-rostliny-na-svetle-misto
2024-11-13 16:13:08 - INFO - Extracted 59 products from collection 'pokojove-rostliny-na-svetle-misto'
2024-11-13 16:13:08 - INFO - Extracted 120 products from collection 'pokojove-rostliny-na-svetle-misto'
2024-11-13 16:13:08 - INFO - Extracted 160 products from collection 'pokojove-rostliny-na-svetle-misto'
2024-11-13 16:13:08 - INFO - Extracting products from collection: pokojove-rostliny-s-okrasnym-listem
2024-11-13 16:13:08 - INFO - Extracted 62 products from collection 'pokojove-rostliny-s-okrasnym-listem'
2024-11-13 16:13:09 - INFO - Extracted 76 products from collection 'pokojove-rostliny-s-okrasnym-listem'
2024-11-13 16:13:09 - INFO - Extracting products from collection: prakticke-kousky-pro-vase-pokojovky
2024-11-13 16:13:09 - INFO - Extracted 20 products from collection 'prakticke-kousky-pro-vase-pokojovky'
2024-11-13 16:13:09 - INFO - Extracting products from collection: pokojove-rostliny-pro-deti-a-zvirata
2024-11-13 16:13:09 - INFO - Extracted 57 products from collection 'pokojove-rostliny-pro-deti-a-zvirata'
2024-11-13 16:13:09 - INFO - Extracted 69 products from collection 'pokojove-rostliny-pro-deti-a-zvirata'
2024-11-13 16:13:09 - INFO - Extracting products from collection: pokojove-rostliny-pro-zacatecniky
2024-11-13 16:13:09 - INFO - Extracted 61 products from collection 'pokojove-rostliny-pro-zacatecniky'
2024-11-13 16:13:10 - INFO - Extracted 121 products from collection 'pokojove-rostliny-pro-zacatecniky'
2024-11-13 16:13:10 - INFO - Extracted 159 products from collection 'pokojove-rostliny-pro-zacatecniky'
2024-11-13 16:13:10 - INFO - Extracting products from collection: patecni-kombo
2024-11-13 16:13:10 - INFO - Extracted 8 products from collection 'patecni-kombo'
2024-11-13 16:13:10 - INFO - Extracting products from collection: pestebni-svetla
2024-11-13 16:13:10 - INFO - Extracted 2 products from collection 'pestebni-svetla'
2024-11-13 16:13:10 - INFO - Extracting products from collection: presazovani-a-vyziva
2024-11-13 16:13:11 - INFO - Extracted 35 products from collection 'presazovani-a-vyziva'
2024-11-13 16:13:11 - INFO - Extracting products from collection: presazovani
2024-11-13 16:13:11 - INFO - Extracted 21 products from collection 'presazovani'
2024-11-13 16:13:11 - INFO - Extracting products from collection: previsle-pokojove-rostliny
2024-11-13 16:13:11 - INFO - Extracted 60 products from collection 'previsle-pokojove-rostliny'
2024-11-13 16:13:11 - INFO - Extracted 68 products from collection 'previsle-pokojove-rostliny'
2024-11-13 16:13:11 - INFO - Extracting products from collection: skladem
2024-11-13 16:13:12 - INFO - Extracted 63 products from collection 'skladem'
2024-11-13 16:13:12 - INFO - Extracted 111 products from collection 'skladem'
2024-11-13 16:13:12 - INFO - Extracting products from collection: rucne-vytocene-kvetinace-z-cech
2024-11-13 16:13:12 - INFO - Extracted 18 products from collection 'rucne-vytocene-kvetinace-z-cech'
2024-11-13 16:13:12 - INFO - Extracting products from collection: stredni-pokojove-rostliny
2024-11-13 16:13:12 - INFO - Extracted 62 products from collection 'stredni-pokojove-rostliny'
2024-11-13 16:13:12 - INFO - Extracting products from collection: rasokoule
2024-11-13 16:13:12 - INFO - Extracted 12 products from collection 'rasokoule'
2024-11-13 16:13:13 - INFO - Extracting products from collection: airplants
2024-11-13 16:13:13 - INFO - Extracted 10 products from collection 'airplants'
2024-11-13 16:13:13 - INFO - Extracting products from collection: valentyn
2024-11-13 16:13:13 - INFO - Extracted 34 products from collection 'valentyn'
2024-11-13 16:13:13 - INFO - Extracting products from collection: vanoce
2024-11-13 16:13:13 - INFO - Extracted 12 products from collection 'vanoce'
2024-11-13 16:13:13 - INFO - Extracting products from collection: last-minute
2024-11-13 16:13:13 - INFO - Extracted 10 products from collection 'last-minute'
2024-11-13 16:13:13 - INFO - Extracting products from collection: vanoce-naucte-se-pestovat
2024-11-13 16:13:14 - INFO - Extracted 6 products from collection 'vanoce-naucte-se-pestovat'
2024-11-13 16:13:14 - INFO - Extracting products from collection: vanoce-prakticke-kousky
2024-11-13 16:13:14 - INFO - Extracted 19 products from collection 'vanoce-prakticke-kousky'
2024-11-13 16:13:14 - INFO - Extracting products from collection: vanoce-pro-jeste-vetsi-radost
2024-11-13 16:13:14 - INFO - Extracted 16 products from collection 'vanoce-pro-jeste-vetsi-radost'
2024-11-13 16:13:14 - INFO - Extracting products from collection: vanoce-vanoce-neco-zelene
2024-11-13 16:13:14 - INFO - Extracted 11 products from collection 'vanoce-vanoce-neco-zelene'
2024-11-13 16:13:14 - INFO - Extracting products from collection: vanoce-voucher
2024-11-13 16:13:15 - INFO - Extracted 9 products from collection 'vanoce-voucher'
2024-11-13 16:13:15 - INFO - Extracting products from collection: velke-pokojove-rostliny
2024-11-13 16:13:15 - INFO - Extracted 25 products from collection 'velke-pokojove-rostliny'
2024-11-13 16:13:15 - INFO - Extracting products from collection: vlhkomilne-rostlinky
2024-11-13 16:13:15 - INFO - Extracted 39 products from collection 'vlhkomilne-rostlinky'
2024-11-13 16:13:15 - INFO - Extracting products from collection: vyrobeno-u-nas
2024-11-13 16:13:15 - INFO - Extracted 44 products from collection 'vyrobeno-u-nas'
2024-11-13 16:13:15 - INFO - Extracted 52 products from collection 'vyrobeno-u-nas'
2024-11-13 16:13:16 - INFO - Extracting products from collection: vanoce-kvetinace
2024-11-13 16:13:16 - INFO - Extracted 22 products from collection 'vanoce-kvetinace'
2024-11-13 16:13:16 - INFO - Extracting products from collection: webinare
2024-11-13 16:13:16 - INFO - Extracted 6 products from collection 'webinare'
2024-11-13 16:13:16 - INFO - Extracting products from collection: workshopy
2024-11-13 16:13:16 - INFO - Extracted 4 products from collection 'workshopy'
2024-11-13 16:13:16 - INFO - Extracting products from collection: zelena-edukace
2024-11-13 16:13:16 - INFO - Extracted 8 products from collection 'zelena-edukace'
2024-11-13 16:13:17 - INFO - Extracting products from collection: zelene-evergreeny
2024-11-13 16:13:17 - INFO - Extracted 32 products from collection 'zelene-evergreeny'
2024-11-13 16:13:17 - INFO - Total unique products found: 187
2024-11-13 16:13:17 - INFO - Unique product data saved to shopify_exports/www_export_20241113_161249/www_shopify_products.csv
2024-11-13 16:13:17 - INFO - Starting download of 187 unique product images
2024-11-13 16:13:18 - INFO - Downloaded 10/187 images.
2024-11-13 16:13:18 - INFO - Downloaded 20/187 images.
2024-11-13 16:13:19 - INFO - Downloaded 30/187 images.
2024-11-13 16:13:19 - INFO - Downloaded 40/187 images.
2024-11-13 16:13:20 - INFO - Downloaded 50/187 images.
2024-11-13 16:13:20 - INFO - Downloaded 60/187 images.
2024-11-13 16:13:21 - INFO - Downloaded 70/187 images.
2024-11-13 16:13:22 - INFO - Downloaded 80/187 images.
2024-11-13 16:13:22 - INFO - Downloaded 90/187 images.
2024-11-13 16:13:22 - INFO - Downloaded 100/187 images.
2024-11-13 16:13:23 - INFO - Downloaded 110/187 images.
2024-11-13 16:13:23 - INFO - Downloaded 120/187 images.
2024-11-13 16:13:24 - INFO - Downloaded 130/187 images.
2024-11-13 16:13:24 - INFO - Downloaded 140/187 images.
2024-11-13 16:13:25 - INFO - Downloaded 150/187 images.
2024-11-13 16:13:25 - INFO - Downloaded 160/187 images.
2024-11-13 16:13:26 - INFO - Downloaded 170/187 images.
2024-11-13 16:13:27 - INFO - Downloaded 180/187 images.
2024-11-13 16:13:28 - INFO - Downloaded 187/187 images.
2024-11-13 16:13:28 - INFO - Image download completed.
2024-11-13 16:13:28 - INFO - Updated unique product data saved to shopify_exports/www_export_20241113_161249/www_shopify_products.csv
2024-11-13 16:13:28 - INFO - Images saved to shopify_exports/www_export_20241113_161249/images
2024-11-13 16:13:28 - INFO - Total execution time: 38.93 seconds
2024-11-13 16:13:28 - INFO - Product extraction completed successfully
