2024-11-13 15:24:33 - INFO - Created output folder: shopify_exports/dmp_export_20241113_152433
2024-11-13 15:24:33 - INFO - Created images folder: shopify_exports/dmp_export_20241113_152433/images
2024-11-13 15:24:33 - INFO - Extracting products...
2024-11-13 15:24:34 - INFO - Extracting products from collection: aglaonema
2024-11-13 15:24:34 - INFO - Extracted 30 products from collection 'aglaonema'
2024-11-13 15:24:34 - INFO - Extracted 32 products from collection 'aglaonema'
2024-11-13 15:24:34 - INFO - Extracting products from collection: ve-sleve
2024-11-13 15:24:34 - INFO - Extracted 30 products from collection 've-sleve'
2024-11-13 15:24:35 - INFO - Extracted 60 products from collection 've-sleve'
2024-11-13 15:24:35 - INFO - Extracted 95 products from collection 've-sleve'
2024-11-13 15:24:35 - INFO - Extracted 99 products from collection 've-sleve'
2024-11-13 15:24:35 - INFO - Extracting products from collection: alokazie
2024-11-13 15:24:35 - INFO - Extracted 30 products from collection 'alokazie'
2024-11-13 15:24:35 - INFO - Extracted 38 products from collection 'alokazie'
2024-11-13 15:24:36 - INFO - Extracting products from collection: anthurium
2024-11-13 15:24:36 - INFO - Extracted 29 products from collection 'anthurium'
2024-11-13 15:24:36 - INFO - Extracting products from collection: aroidy
2024-11-13 15:24:36 - INFO - Extracted 32 products from collection 'aroidy'
2024-11-13 15:24:36 - INFO - Extracted 62 products from collection 'aroidy'
2024-11-13 15:24:37 - INFO - Extracted 92 products from collection 'aroidy'
2024-11-13 15:24:37 - INFO - Extracted 122 products from collection 'aroidy'
2024-11-13 15:24:37 - INFO - Extracted 152 products from collection 'aroidy'
2024-11-13 15:24:37 - INFO - Extracted 183 products from collection 'aroidy'
2024-11-13 15:24:37 - INFO - Extracted 213 products from collection 'aroidy'
2024-11-13 15:24:38 - INFO - Extracted 243 products from collection 'aroidy'
2024-11-13 15:24:38 - INFO - Extracted 273 products from collection 'aroidy'
2024-11-13 15:24:38 - INFO - Extracted 274 products from collection 'aroidy'
2024-11-13 15:24:38 - INFO - Extracting products from collection: baby-pokojovky
2024-11-13 15:24:38 - INFO - Extracted 33 products from collection 'baby-pokojovky'
2024-11-13 15:24:38 - INFO - Extracted 63 products from collection 'baby-pokojovky'
2024-11-13 15:24:39 - INFO - Extracted 94 products from collection 'baby-pokojovky'
2024-11-13 15:24:39 - INFO - Extracted 126 products from collection 'baby-pokojovky'
2024-11-13 15:24:39 - INFO - Extracted 129 products from collection 'baby-pokojovky'
2024-11-13 15:24:39 - INFO - Extracting products from collection: begonia
2024-11-13 15:24:40 - INFO - Extracted 5 products from collection 'begonia'
2024-11-13 15:24:40 - INFO - Extracting products from collection: bromelie
2024-11-13 15:24:40 - INFO - Extracted 14 products from collection 'bromelie'
2024-11-13 15:24:40 - INFO - Extracting products from collection: calathea
2024-11-13 15:24:41 - INFO - Extracted 30 products from collection 'calathea'
2024-11-13 15:24:41 - INFO - Extracted 42 products from collection 'calathea'
2024-11-13 15:24:41 - INFO - Extracting products from collection: ceropegia-svicniky
2024-11-13 15:24:42 - INFO - Extracted 3 products from collection 'ceropegia-svicniky'
2024-11-13 15:24:42 - INFO - Extracting products from collection: citlivky
2024-11-13 15:24:42 - INFO - Extracted 2 products from collection 'citlivky'
2024-11-13 15:24:42 - INFO - Extracting products from collection: citrusy
2024-11-13 15:24:43 - INFO - Extracted 7 products from collection 'citrusy'
2024-11-13 15:24:43 - INFO - Extracting products from collection: dieffenbachia
2024-11-13 15:24:43 - INFO - Extracted 4 products from collection 'dieffenbachia'
2024-11-13 15:24:43 - INFO - Extracting products from collection: darkove-poukazy
2024-11-13 15:24:43 - INFO - Extracted 22 products from collection 'darkove-poukazy'
2024-11-13 15:24:43 - INFO - Extracting products from collection: diy-balicky-a-sety
2024-11-13 15:24:43 - INFO - Extracted 19 products from collection 'diy-balicky-a-sety'
2024-11-13 15:24:43 - INFO - Extracting products from collection: epipremnum-scindapsus
2024-11-13 15:24:44 - INFO - Extracted 30 products from collection 'epipremnum-scindapsus'
2024-11-13 15:24:44 - INFO - Extracted 32 products from collection 'epipremnum-scindapsus'
2024-11-13 15:24:44 - INFO - Extracting products from collection: fyta-senzory
2024-11-13 15:24:44 - INFO - Extracted 5 products from collection 'fyta-senzory'
2024-11-13 15:24:44 - INFO - Extracting products from collection: fikusy
2024-11-13 15:24:44 - INFO - Extracted 31 products from collection 'fikusy'
2024-11-13 15:24:45 - INFO - Extracted 34 products from collection 'fikusy'
2024-11-13 15:24:45 - INFO - Extracting products from collection: gift-box-exclude
2024-11-13 15:24:45 - INFO - Extracted 81 products from collection 'gift-box-exclude'
2024-11-13 15:24:45 - INFO - Extracted 128 products from collection 'gift-box-exclude'
2024-11-13 15:24:45 - INFO - Extracted 194 products from collection 'gift-box-exclude'
2024-11-13 15:24:46 - INFO - Extracted 229 products from collection 'gift-box-exclude'
2024-11-13 15:24:46 - INFO - Extracted 261 products from collection 'gift-box-exclude'
2024-11-13 15:24:46 - INFO - Extracted 297 products from collection 'gift-box-exclude'
2024-11-13 15:24:46 - INFO - Extracted 344 products from collection 'gift-box-exclude'
2024-11-13 15:24:46 - INFO - Extracted 374 products from collection 'gift-box-exclude'
2024-11-13 15:24:46 - INFO - Extracted 407 products from collection 'gift-box-exclude'
2024-11-13 15:24:47 - INFO - Extracted 439 products from collection 'gift-box-exclude'
2024-11-13 15:24:47 - INFO - Extracted 476 products from collection 'gift-box-exclude'
2024-11-13 15:24:47 - INFO - Extracted 511 products from collection 'gift-box-exclude'
2024-11-13 15:24:47 - INFO - Extracted 543 products from collection 'gift-box-exclude'
2024-11-13 15:24:47 - INFO - Extracted 575 products from collection 'gift-box-exclude'
2024-11-13 15:24:48 - INFO - Extracted 607 products from collection 'gift-box-exclude'
2024-11-13 15:24:48 - INFO - Extracted 638 products from collection 'gift-box-exclude'
2024-11-13 15:24:48 - INFO - Extracted 671 products from collection 'gift-box-exclude'
2024-11-13 15:24:48 - INFO - Extracted 707 products from collection 'gift-box-exclude'
2024-11-13 15:24:48 - INFO - Extracted 743 products from collection 'gift-box-exclude'
2024-11-13 15:24:49 - INFO - Extracted 775 products from collection 'gift-box-exclude'
2024-11-13 15:24:49 - INFO - Extracted 811 products from collection 'gift-box-exclude'
2024-11-13 15:24:49 - INFO - Extracted 841 products from collection 'gift-box-exclude'
2024-11-13 15:24:49 - INFO - Extracted 872 products from collection 'gift-box-exclude'
2024-11-13 15:24:49 - INFO - Extracted 882 products from collection 'gift-box-exclude'
2024-11-13 15:24:49 - INFO - Extracting products from collection: osvetleni
2024-11-13 15:24:50 - INFO - Extracting products from collection: hlinene-kvetinace
2024-11-13 15:24:50 - INFO - Extracted 4 products from collection 'hlinene-kvetinace'
2024-11-13 15:24:50 - INFO - Extracting products from collection: hnojiva-a-insekticidy
2024-11-13 15:24:50 - INFO - Extracted 30 products from collection 'hnojiva-a-insekticidy'
2024-11-13 15:24:50 - INFO - Extracting products from collection: hoya
2024-11-13 15:24:50 - INFO - Extracted 19 products from collection 'hoya'
2024-11-13 15:24:50 - INFO - Extracting products from collection: jaro
2024-11-13 15:24:51 - INFO - Extracted 91 products from collection 'jaro'
2024-11-13 15:24:51 - INFO - Extracted 213 products from collection 'jaro'
2024-11-13 15:24:51 - INFO - Extracted 291 products from collection 'jaro'
2024-11-13 15:24:51 - INFO - Extracted 345 products from collection 'jaro'
2024-11-13 15:24:51 - INFO - Extracting products from collection: keramicke-kvetinace
2024-11-13 15:24:51 - INFO - Extracted 67 products from collection 'keramicke-kvetinace'
2024-11-13 15:24:52 - INFO - Extracting products from collection: kokedamy
2024-11-13 15:24:52 - INFO - Extracted 47 products from collection 'kokedamy'
2024-11-13 15:24:52 - INFO - Extracted 54 products from collection 'kokedamy'
2024-11-13 15:24:52 - INFO - Extracting products from collection: kokodamy
2024-11-13 15:24:52 - INFO - Extracted 9 products from collection 'kokodamy'
2024-11-13 15:24:52 - INFO - Extracting products from collection: konvicky-a-rozprasovace
2024-11-13 15:24:53 - INFO - Extracted 16 products from collection 'konvicky-a-rozprasovace'
2024-11-13 15:24:53 - INFO - Extracting products from collection: kvetinace
2024-11-13 15:24:53 - INFO - Extracted 124 products from collection 'kvetinace'
2024-11-13 15:24:53 - INFO - Extracted 193 products from collection 'kvetinace'
2024-11-13 15:24:53 - INFO - Extracting products from collection: cisticky-vzduchu
2024-11-13 15:24:53 - INFO - Extracted 30 products from collection 'cisticky-vzduchu'
2024-11-13 15:24:53 - INFO - Extracted 63 products from collection 'cisticky-vzduchu'
2024-11-13 15:24:54 - INFO - Extracted 93 products from collection 'cisticky-vzduchu'
2024-11-13 15:24:54 - INFO - Extracted 123 products from collection 'cisticky-vzduchu'
2024-11-13 15:24:54 - INFO - Extracted 153 products from collection 'cisticky-vzduchu'
2024-11-13 15:24:54 - INFO - Extracted 183 products from collection 'cisticky-vzduchu'
2024-11-13 15:24:54 - INFO - Extracted 213 products from collection 'cisticky-vzduchu'
2024-11-13 15:24:54 - INFO - Extracted 243 products from collection 'cisticky-vzduchu'
2024-11-13 15:24:55 - INFO - Extracted 273 products from collection 'cisticky-vzduchu'
2024-11-13 15:24:55 - INFO - Extracted 303 products from collection 'cisticky-vzduchu'
2024-11-13 15:24:55 - INFO - Extracted 333 products from collection 'cisticky-vzduchu'
2024-11-13 15:24:55 - INFO - Extracted 364 products from collection 'cisticky-vzduchu'
2024-11-13 15:24:55 - INFO - Extracted 394 products from collection 'cisticky-vzduchu'
2024-11-13 15:24:55 - INFO - Extracted 424 products from collection 'cisticky-vzduchu'
2024-11-13 15:24:56 - INFO - Extracted 454 products from collection 'cisticky-vzduchu'
2024-11-13 15:24:56 - INFO - Extracted 472 products from collection 'cisticky-vzduchu'
2024-11-13 15:24:56 - INFO - Extracting products from collection: kvetouci
2024-11-13 15:24:56 - INFO - Extracted 26 products from collection 'kvetouci'
2024-11-13 15:24:56 - INFO - Extracting products from collection: macrame
2024-11-13 15:24:56 - INFO - Extracted 5 products from collection 'macrame'
2024-11-13 15:24:57 - INFO - Extracting products from collection: marantha-a-stromanthe
2024-11-13 15:24:57 - INFO - Extracted 16 products from collection 'marantha-a-stromanthe'
2024-11-13 15:24:57 - INFO - Extracting products from collection: mechove-obrazy-a-sety
2024-11-13 15:24:57 - INFO - Extracted 5 products from collection 'mechove-obrazy-a-sety'
2024-11-13 15:24:57 - INFO - Extracting products from collection: merch
2024-11-13 15:24:57 - INFO - Extracted 9 products from collection 'merch'
2024-11-13 15:24:57 - INFO - Extracting products from collection: modlivky
2024-11-13 15:24:57 - INFO - Extracted 30 products from collection 'modlivky'
2024-11-13 15:24:58 - INFO - Extracted 45 products from collection 'modlivky'
2024-11-13 15:24:58 - INFO - Extracting products from collection: monstery
2024-11-13 15:24:58 - INFO - Extracted 31 products from collection 'monstery'
2024-11-13 15:24:58 - INFO - Extracted 39 products from collection 'monstery'
2024-11-13 15:24:58 - INFO - Extracting products from collection: michane-substraty
2024-11-13 15:24:58 - INFO - Extracted 53 products from collection 'michane-substraty'
2024-11-13 15:24:58 - INFO - Extracting products from collection: nejprodavanejsi
2024-11-13 15:24:59 - INFO - Extracted 30 products from collection 'nejprodavanejsi'
2024-11-13 15:24:59 - INFO - Extracted 64 products from collection 'nejprodavanejsi'
2024-11-13 15:24:59 - INFO - Extracted 95 products from collection 'nejprodavanejsi'
2024-11-13 15:24:59 - INFO - Extracted 127 products from collection 'nejprodavanejsi'
2024-11-13 15:24:59 - INFO - Extracted 157 products from collection 'nejprodavanejsi'
2024-11-13 15:25:00 - INFO - Extracted 187 products from collection 'nejprodavanejsi'
2024-11-13 15:25:00 - INFO - Extracted 217 products from collection 'nejprodavanejsi'
2024-11-13 15:25:00 - INFO - Extracted 247 products from collection 'nejprodavanejsi'
2024-11-13 15:25:00 - INFO - Extracted 277 products from collection 'nejprodavanejsi'
2024-11-13 15:25:00 - INFO - Extracted 308 products from collection 'nejprodavanejsi'
2024-11-13 15:25:00 - INFO - Extracted 338 products from collection 'nejprodavanejsi'
2024-11-13 15:25:01 - INFO - Extracted 368 products from collection 'nejprodavanejsi'
2024-11-13 15:25:01 - INFO - Extracted 399 products from collection 'nejprodavanejsi'
2024-11-13 15:25:01 - INFO - Extracted 429 products from collection 'nejprodavanejsi'
2024-11-13 15:25:01 - INFO - Extracted 459 products from collection 'nejprodavanejsi'
2024-11-13 15:25:01 - INFO - Extracted 489 products from collection 'nejprodavanejsi'
2024-11-13 15:25:02 - INFO - Extracted 519 products from collection 'nejprodavanejsi'
2024-11-13 15:25:02 - INFO - Extracted 549 products from collection 'nejprodavanejsi'
2024-11-13 15:25:02 - INFO - Extracted 579 products from collection 'nejprodavanejsi'
2024-11-13 15:25:02 - INFO - Extracted 609 products from collection 'nejprodavanejsi'
2024-11-13 15:25:02 - INFO - Extracted 620 products from collection 'nejprodavanejsi'
2024-11-13 15:25:02 - INFO - Extracting products from collection: nenarocne
2024-11-13 15:25:03 - INFO - Extracted 31 products from collection 'nenarocne'
2024-11-13 15:25:03 - INFO - Extracted 61 products from collection 'nenarocne'
2024-11-13 15:25:03 - INFO - Extracted 91 products from collection 'nenarocne'
2024-11-13 15:25:03 - INFO - Extracted 121 products from collection 'nenarocne'
2024-11-13 15:25:03 - INFO - Extracted 151 products from collection 'nenarocne'
2024-11-13 15:25:03 - INFO - Extracted 174 products from collection 'nenarocne'
2024-11-13 15:25:04 - INFO - Extracting products from collection: novinky
2024-11-13 15:25:04 - INFO - Extracted 30 products from collection 'novinky'
2024-11-13 15:25:04 - INFO - Extracted 60 products from collection 'novinky'
2024-11-13 15:25:04 - INFO - Extracted 90 products from collection 'novinky'
2024-11-13 15:25:04 - INFO - Extracted 120 products from collection 'novinky'
2024-11-13 15:25:04 - INFO - Extracted 122 products from collection 'novinky'
2024-11-13 15:25:04 - INFO - Extracting products from collection: nadoby-k-pestovani
2024-11-13 15:25:05 - INFO - Extracted 1 products from collection 'nadoby-k-pestovani'
2024-11-13 15:25:05 - INFO - Extracting products from collection: opora-na-rostliny
2024-11-13 15:25:05 - INFO - Extracted 12 products from collection 'opora-na-rostliny'
2024-11-13 15:25:05 - INFO - Extracting products from collection: orchideje
2024-11-13 15:25:05 - INFO - Extracted 8 products from collection 'orchideje'
2024-11-13 15:25:05 - INFO - Extracting products from collection: ostatni-rostliny
2024-11-13 15:25:05 - INFO - Extracted 32 products from collection 'ostatni-rostliny'
2024-11-13 15:25:06 - INFO - Extracted 62 products from collection 'ostatni-rostliny'
2024-11-13 15:25:06 - INFO - Extracted 70 products from collection 'ostatni-rostliny'
2024-11-13 15:25:06 - INFO - Extracting products from collection: palmy-a-cykasy
2024-11-13 15:25:06 - INFO - Extracted 30 products from collection 'palmy-a-cykasy'
2024-11-13 15:25:06 - INFO - Extracted 36 products from collection 'palmy-a-cykasy'
2024-11-13 15:25:06 - INFO - Extracting products from collection: panasovane-rostliny
2024-11-13 15:25:07 - INFO - Extracted 30 products from collection 'panasovane-rostliny'
2024-11-13 15:25:07 - INFO - Extracted 60 products from collection 'panasovane-rostliny'
2024-11-13 15:25:07 - INFO - Extracted 68 products from collection 'panasovane-rostliny'
2024-11-13 15:25:07 - INFO - Extracting products from collection: peperomia
2024-11-13 15:25:07 - INFO - Extracted 31 products from collection 'peperomia'
2024-11-13 15:25:07 - INFO - Extracted 33 products from collection 'peperomia'
2024-11-13 15:25:07 - INFO - Extracting products from collection: filodendrony
2024-11-13 15:25:08 - INFO - Extracted 30 products from collection 'filodendrony'
2024-11-13 15:25:08 - INFO - Extracted 61 products from collection 'filodendrony'
2024-11-13 15:25:08 - INFO - Extracted 79 products from collection 'filodendrony'
2024-11-13 15:25:08 - INFO - Extracting products from collection: pilea
2024-11-13 15:25:08 - INFO - Extracted 11 products from collection 'pilea'
2024-11-13 15:25:08 - INFO - Extracting products from collection: plastove-kvetinace
2024-11-13 15:25:08 - INFO - Extracted 89 products from collection 'plastove-kvetinace'
2024-11-13 15:25:09 - INFO - Extracting products from collection: podmisky
2024-11-13 15:25:09 - INFO - Extracting products from collection: pomucky-a-naradi
2024-11-13 15:25:09 - INFO - Extracted 43 products from collection 'pomucky-a-naradi'
2024-11-13 15:25:09 - INFO - Extracted 60 products from collection 'pomucky-a-naradi'
2024-11-13 15:25:09 - INFO - Extracting products from collection: popinave
2024-11-13 15:25:09 - INFO - Extracted 31 products from collection 'popinave'
2024-11-13 15:25:09 - INFO - Extracted 61 products from collection 'popinave'
2024-11-13 15:25:10 - INFO - Extracted 91 products from collection 'popinave'
2024-11-13 15:25:10 - INFO - Extracted 122 products from collection 'popinave'
2024-11-13 15:25:10 - INFO - Extracted 140 products from collection 'popinave'
2024-11-13 15:25:10 - INFO - Extracting products from collection: pestebni-media
2024-11-13 15:25:10 - INFO - Extracted 24 products from collection 'pestebni-media'
2024-11-13 15:25:10 - INFO - Extracting products from collection: predplatne-rostlin
2024-11-13 15:25:11 - INFO - Extracted 24 products from collection 'predplatne-rostlin'
2024-11-13 15:25:11 - INFO - Extracting products from collection: prirodni-kvetinace
2024-11-13 15:25:11 - INFO - Extracted 24 products from collection 'prirodni-kvetinace'
2024-11-13 15:25:11 - INFO - Extracting products from collection: raritky
2024-11-13 15:25:11 - INFO - Extracted 30 products from collection 'raritky'
2024-11-13 15:25:11 - INFO - Extracted 60 products from collection 'raritky'
2024-11-13 15:25:12 - INFO - Extracted 90 products from collection 'raritky'
2024-11-13 15:25:12 - INFO - Extracted 120 products from collection 'raritky'
2024-11-13 15:25:12 - INFO - Extracted 140 products from collection 'raritky'
2024-11-13 15:25:12 - INFO - Extracting products from collection: jazyky
2024-11-13 15:25:12 - INFO - Extracted 17 products from collection 'jazyky'
2024-11-13 15:25:12 - INFO - Extracting products from collection: rizky-pokojovek
2024-11-13 15:25:12 - INFO - Extracted 2 products from collection 'rizky-pokojovek'
2024-11-13 15:25:13 - INFO - Extracting products from collection: sety-rostlin
2024-11-13 15:25:13 - INFO - Extracted 27 products from collection 'sety-rostlin'
2024-11-13 15:25:13 - INFO - Extracting products from collection: sklenena-teraria
2024-11-13 15:25:13 - INFO - Extracted 10 products from collection 'sklenena-teraria'
2024-11-13 15:25:13 - INFO - Extracting products from collection: spathiphyllum
2024-11-13 15:25:13 - INFO - Extracted 9 products from collection 'spathiphyllum'
2024-11-13 15:25:13 - INFO - Extracting products from collection: substraty
2024-11-13 15:25:14 - INFO - Extracted 76 products from collection 'substraty'
2024-11-13 15:25:14 - INFO - Extracting products from collection: sukulenty
2024-11-13 15:25:14 - INFO - Extracted 30 products from collection 'sukulenty'
2024-11-13 15:25:14 - INFO - Extracted 60 products from collection 'sukulenty'
2024-11-13 15:25:14 - INFO - Extracted 80 products from collection 'sukulenty'
2024-11-13 15:25:14 - INFO - Extracting products from collection: syngonium
2024-11-13 15:25:15 - INFO - Extracted 29 products from collection 'syngonium'
2024-11-13 15:25:15 - INFO - Extracting products from collection: terakotove-kvetinace
2024-11-13 15:25:15 - INFO - Extracted 1 products from collection 'terakotove-kvetinace'
